<?xml version="1.0" encoding="UTF-8"?>
<!-- Generated by org.testng.reporters.JUnitReportReporter -->
<testsuite hostname="Vinitas-MacBook-Air.local" failures="0" tests="1" name="com.automation.tests.LoginTest" time="7.801" errors="0" timestamp="2022-03-01T23:33:22 CET" skipped="0">
  <testcase classname="com.automation.tests.LoginTest" name="LoginApplication" time="7.801"/>
  <system-out/>
</testsuite> <!-- com.automation.tests.LoginTest -->
