<?xml version="1.0" encoding="UTF-8"?>
<!-- Generated by org.testng.reporters.JUnitReportReporter -->
<testsuite hostname="Vinitas-MacBook-Air.local" failures="0" tests="1" name="com.automation.tests.LoginTest" time="6.893" errors="0" timestamp="2022-03-01T22:56:24 CET" skipped="0">
  <testcase classname="com.automation.tests.LoginTest" name="LoginApplication" time="6.893"/>
  <system-out/>
</testsuite> <!-- com.automation.tests.LoginTest -->
